19:10:37 **** Incremental Build of configuration Debug for project HMI_ECU ****
make all 
Building file: ../h_main.c
Invoking: AVR Compiler
avr-gcc -Wall -g2 -gstabs -O0 -fpack-struct -fshort-enums -ffunction-sections -fdata-sections -std=gnu99 -funsigned-char -funsigned-bitfields -mmcu=atmega32 -DF_CPU=8000000UL -MMD -MP -MF"h_main.d" -MT"h_main.o" -c -o "h_main.o" "../h_main.c"
In file included from ../h_main.c:9:
c:/winavr-20100110/lib/gcc/../../avr/include/util/delay.h:90:3: warning: #warning "Compiler optimizations disabled; functions from <util/delay.h> won't work as designed"
Finished building: ../h_main.c
 
Building target: HMI_ECU.elf
Invoking: AVR C Linker
avr-gcc -Wl,-Map,HMI_ECU.map -mmcu=atmega32 -o "HMI_ECU.elf"  ./gpio.o ./h_main.o ./keypad.o ./lcd.o ./timer1.o ./uart.o   
Finished building target: HMI_ECU.elf
 
Invoking: AVR Create Extended Listing
avr-objdump -h -S HMI_ECU.elf  >"HMI_ECU.lss"
Finished building: HMI_ECU.lss
 
Create Flash image (ihex format)
avr-objcopy -R .eeprom -R .fuse -R .lock -R .signature -O ihex HMI_ECU.elf  "HMI_ECU.hex"
Finished building: HMI_ECU.hex
 
Invoking: Print Size
avr-size --format=avr --mcu=atmega32 HMI_ECU.elf
AVR Memory Usage
----------------
Device: atmega32

Program:   13804 bytes (42.1% Full)
(.text + .data + .bootloader)

Data:        324 bytes (15.8% Full)
(.data + .bss + .noinit)


Finished building: sizedummy
 

19:10:37 Build Finished. 0 errors, 1 warnings. (took 656ms)

